<?xml version="1.0" encoding="UTF-8"?>
<!-- Generated by org.testng.reporters.JUnitReportReporter -->
<testsuite hostname="NOTEACERALE" failures="0" tests="2" name="Test01_GET" time="3.349" errors="0" timestamp="2023-02-04T13:47:25 BRT" skipped="0">
  <testcase classname="Test01_GET" name="test_01" time="0.525"/>
  <system-out/>
  <testcase classname="Test01_GET" name="Test_02" time="2.824"/>
  <system-out/>
</testsuite> <!-- Test01_GET -->
