<?xml version="1.0" encoding="UTF-8"?>
<!-- Generated by org.testng.reporters.JUnitReportReporter -->
<testsuite hostname="NOTEACERALE" failures="0" tests="1" name="ProvaPost" time="2.223" errors="0" timestamp="2023-02-04T14:22:42 BRT" skipped="0">
  <testcase classname="ProvaPost" name="POST" time="2.223"/>
  <system-out/>
</testsuite> <!-- ProvaPost -->
